2020-09-24 ERROR [http-nio-8084-exec-20] (RegisterAccountServlet.java:93) — SQLException Violation of PRIMARY KEY constraint 'PK_user'. Cannot insert duplicate key in object 'dbo.tblUser'. The duplicate key value is (hieulm@gmail.com).
2020-09-24 ERROR [http-nio-8084-exec-37] (AuthorizedFilter.java:138) — Throwable null
2020-09-24 ERROR [http-nio-8084-exec-40] (AuthorizedFilter.java:140) — Throwable null
2020-09-24 ERROR [http-nio-8084-exec-41] (AuthorizedFilter.java:141) — Throwable null
2020-09-24 ERROR [http-nio-8084-exec-65] (AuthorizedFilter.java:145) — Throwable null
2020-09-24 ERROR [http-nio-8084-exec-74] (AuthorizedFilter.java:147) — Throwable null
2020-09-24 ERROR [http-nio-8084-exec-73] (AuthorizedFilter.java:147) — Throwable null
2020-09-24 ERROR [http-nio-8084-exec-82] (AuthorizedFilter.java:151) — Throwable null
2020-09-24 ERROR [http-nio-8084-exec-15] (AuthorizedFilter.java:147) — Throwable Cannot forward after response has been committed
2020-09-24 ERROR [http-nio-8084-exec-55] (AuthorizedFilter.java:155) — Throwable Cannot forward after response has been committed
2020-09-24 ERROR [http-nio-8084-exec-56] (AuthorizedFilter.java:155) — Throwable Cannot forward after response has been committed
2020-09-24 ERROR [http-nio-8084-exec-54] (AuthorizedFilter.java:155) — Throwable Cannot forward after response has been committed
2020-09-24 ERROR [http-nio-8084-exec-53] (AuthorizedFilter.java:155) — Throwable Cannot forward after response has been committed
2020-09-24 ERROR [http-nio-8084-exec-49] (AuthorizedFilter.java:155) — Throwable Cannot forward after response has been committed
2020-09-24 ERROR [http-nio-8084-exec-43] (AuthorizedFilter.java:155) — Throwable Cannot forward after response has been committed
2020-09-24 ERROR [http-nio-8084-exec-47] (AuthorizedFilter.java:155) — Throwable Cannot forward after response has been committed
2020-09-24 ERROR [http-nio-8084-exec-51] (AuthorizedFilter.java:155) — Throwable Cannot forward after response has been committed
2020-09-24 ERROR [http-nio-8084-exec-57] (AuthorizedFilter.java:155) — Throwable Cannot forward after response has been committed
2020-09-24 ERROR [http-nio-8084-exec-44] (AuthorizedFilter.java:155) — Throwable Cannot forward after response has been committed
2020-09-24 ERROR [http-nio-8084-exec-55] (AuthorizedFilter.java:155) — Throwable Cannot forward after response has been committed
2020-09-24 ERROR [http-nio-8084-exec-56] (AuthorizedFilter.java:155) — Throwable Cannot forward after response has been committed
2020-09-24 ERROR [http-nio-8084-exec-54] (AuthorizedFilter.java:155) — Throwable Cannot forward after response has been committed
2020-09-24 ERROR [http-nio-8084-exec-53] (AuthorizedFilter.java:155) — Throwable Cannot forward after response has been committed
2020-09-24 ERROR [http-nio-8084-exec-49] (AuthorizedFilter.java:155) — Throwable Cannot forward after response has been committed
2020-09-24 ERROR [http-nio-8084-exec-43] (AuthorizedFilter.java:155) — Throwable Cannot forward after response has been committed
2020-09-24 ERROR [http-nio-8084-exec-47] (AuthorizedFilter.java:155) — Throwable Cannot forward after response has been committed
2020-09-24 ERROR [http-nio-8084-exec-51] (AuthorizedFilter.java:155) — Throwable Cannot forward after response has been committed
2020-09-24 ERROR [http-nio-8084-exec-57] (AuthorizedFilter.java:155) — Throwable Cannot forward after response has been committed
2020-09-24 ERROR [http-nio-8084-exec-44] (AuthorizedFilter.java:155) — Throwable Cannot forward after response has been committed
2020-09-24 ERROR [http-nio-8084-exec-55] (AuthorizedFilter.java:155) — Throwable Cannot forward after response has been committed
2020-09-24 ERROR [http-nio-8084-exec-56] (AuthorizedFilter.java:155) — Throwable Cannot forward after response has been committed
2020-09-24 ERROR [http-nio-8084-exec-54] (AuthorizedFilter.java:155) — Throwable Cannot forward after response has been committed
2020-09-24 ERROR [http-nio-8084-exec-53] (AuthorizedFilter.java:155) — Throwable Cannot forward after response has been committed
2020-09-24 ERROR [http-nio-8084-exec-49] (AuthorizedFilter.java:155) — Throwable Cannot forward after response has been committed
2020-09-24 ERROR [http-nio-8084-exec-43] (AuthorizedFilter.java:155) — Throwable Cannot forward after response has been committed
2020-09-24 ERROR [http-nio-8084-exec-47] (AuthorizedFilter.java:155) — Throwable Cannot forward after response has been committed
2020-09-24 ERROR [http-nio-8084-exec-51] (AuthorizedFilter.java:155) — Throwable Cannot forward after response has been committed
2020-09-24 ERROR [http-nio-8084-exec-57] (AuthorizedFilter.java:155) — Throwable Cannot forward after response has been committed
2020-09-24 ERROR [http-nio-8084-exec-44] (AuthorizedFilter.java:155) — Throwable Cannot forward after response has been committed
2020-09-24 ERROR [http-nio-8084-exec-55] (AuthorizedFilter.java:155) — Throwable Cannot forward after response has been committed
2020-09-24 ERROR [http-nio-8084-exec-56] (AuthorizedFilter.java:155) — Throwable Cannot forward after response has been committed
2020-09-24 ERROR [http-nio-8084-exec-54] (AuthorizedFilter.java:155) — Throwable Cannot forward after response has been committed
2020-09-24 ERROR [http-nio-8084-exec-53] (AuthorizedFilter.java:155) — Throwable Cannot forward after response has been committed
2020-09-24 ERROR [http-nio-8084-exec-49] (AuthorizedFilter.java:155) — Throwable Cannot forward after response has been committed
2020-09-24 ERROR [http-nio-8084-exec-43] (AuthorizedFilter.java:155) — Throwable Cannot forward after response has been committed
2020-09-24 ERROR [http-nio-8084-exec-47] (AuthorizedFilter.java:155) — Throwable Cannot forward after response has been committed
2020-09-24 ERROR [http-nio-8084-exec-51] (AuthorizedFilter.java:155) — Throwable Cannot forward after response has been committed
2020-09-24 ERROR [http-nio-8084-exec-57] (AuthorizedFilter.java:155) — Throwable Cannot forward after response has been committed
2020-09-24 ERROR [http-nio-8084-exec-44] (AuthorizedFilter.java:155) — Throwable Cannot forward after response has been committed
2020-09-24 ERROR [http-nio-8084-exec-55] (AuthorizedFilter.java:155) — Throwable Cannot forward after response has been committed
2020-09-24 ERROR [http-nio-8084-exec-56] (AuthorizedFilter.java:155) — Throwable Cannot forward after response has been committed
2020-09-24 ERROR [http-nio-8084-exec-54] (AuthorizedFilter.java:155) — Throwable Cannot forward after response has been committed
2020-09-24 ERROR [http-nio-8084-exec-53] (AuthorizedFilter.java:155) — Throwable Cannot forward after response has been committed
2020-09-24 ERROR [http-nio-8084-exec-49] (AuthorizedFilter.java:155) — Throwable Cannot forward after response has been committed
2020-09-24 ERROR [http-nio-8084-exec-43] (AuthorizedFilter.java:155) — Throwable Cannot forward after response has been committed
2020-09-24 ERROR [http-nio-8084-exec-47] (AuthorizedFilter.java:155) — Throwable Cannot forward after response has been committed
2020-09-24 ERROR [http-nio-8084-exec-51] (AuthorizedFilter.java:155) — Throwable Cannot forward after response has been committed
2020-09-24 ERROR [http-nio-8084-exec-57] (AuthorizedFilter.java:155) — Throwable Cannot forward after response has been committed
2020-09-24 ERROR [http-nio-8084-exec-44] (AuthorizedFilter.java:155) — Throwable Cannot forward after response has been committed
2020-09-24 ERROR [http-nio-8084-exec-55] (AuthorizedFilter.java:155) — Throwable Cannot forward after response has been committed
2020-09-24 ERROR [http-nio-8084-exec-56] (AuthorizedFilter.java:155) — Throwable Cannot forward after response has been committed
2020-09-24 ERROR [http-nio-8084-exec-54] (AuthorizedFilter.java:155) — Throwable Cannot forward after response has been committed
2020-09-24 ERROR [http-nio-8084-exec-53] (AuthorizedFilter.java:155) — Throwable Cannot forward after response has been committed
2020-09-24 ERROR [http-nio-8084-exec-49] (AuthorizedFilter.java:155) — Throwable Cannot forward after response has been committed
2020-09-24 ERROR [http-nio-8084-exec-43] (AuthorizedFilter.java:155) — Throwable Cannot forward after response has been committed
2020-09-24 ERROR [http-nio-8084-exec-47] (AuthorizedFilter.java:155) — Throwable Cannot forward after response has been committed
2020-09-24 ERROR [http-nio-8084-exec-51] (AuthorizedFilter.java:155) — Throwable Cannot forward after response has been committed
2020-09-24 ERROR [http-nio-8084-exec-57] (AuthorizedFilter.java:155) — Throwable Cannot forward after response has been committed
2020-09-24 ERROR [http-nio-8084-exec-44] (AuthorizedFilter.java:155) — Throwable Cannot forward after response has been committed
2020-09-24 ERROR [http-nio-8084-exec-55] (AuthorizedFilter.java:155) — Throwable Cannot forward after response has been committed
2020-09-24 ERROR [http-nio-8084-exec-56] (AuthorizedFilter.java:155) — Throwable Cannot forward after response has been committed
2020-09-24 ERROR [http-nio-8084-exec-54] (AuthorizedFilter.java:155) — Throwable Cannot forward after response has been committed
2020-09-24 ERROR [http-nio-8084-exec-53] (AuthorizedFilter.java:155) — Throwable Cannot forward after response has been committed
2020-09-24 ERROR [http-nio-8084-exec-49] (AuthorizedFilter.java:155) — Throwable Cannot forward after response has been committed
2020-09-24 ERROR [http-nio-8084-exec-43] (AuthorizedFilter.java:155) — Throwable Cannot forward after response has been committed
2020-09-24 ERROR [http-nio-8084-exec-47] (AuthorizedFilter.java:155) — Throwable Cannot forward after response has been committed
2020-09-24 ERROR [http-nio-8084-exec-51] (AuthorizedFilter.java:155) — Throwable Cannot forward after response has been committed
2020-09-24 ERROR [http-nio-8084-exec-57] (AuthorizedFilter.java:155) — Throwable Cannot forward after response has been committed
2020-09-24 ERROR [http-nio-8084-exec-44] (AuthorizedFilter.java:155) — Throwable Cannot forward after response has been committed
2020-09-24 ERROR [http-nio-8084-exec-55] (AuthorizedFilter.java:155) — Throwable Cannot forward after response has been committed
2020-09-24 ERROR [http-nio-8084-exec-56] (AuthorizedFilter.java:155) — Throwable Cannot forward after response has been committed
2020-09-24 ERROR [http-nio-8084-exec-54] (AuthorizedFilter.java:155) — Throwable Cannot forward after response has been committed
2020-09-24 ERROR [http-nio-8084-exec-53] (AuthorizedFilter.java:155) — Throwable Cannot forward after response has been committed
2020-09-24 ERROR [http-nio-8084-exec-49] (AuthorizedFilter.java:155) — Throwable Cannot forward after response has been committed
2020-09-24 ERROR [http-nio-8084-exec-43] (AuthorizedFilter.java:155) — Throwable Cannot forward after response has been committed
2020-09-24 ERROR [http-nio-8084-exec-47] (AuthorizedFilter.java:155) — Throwable Cannot forward after response has been committed
2020-09-24 ERROR [http-nio-8084-exec-51] (AuthorizedFilter.java:155) — Throwable Cannot forward after response has been committed
2020-09-24 ERROR [http-nio-8084-exec-57] (AuthorizedFilter.java:155) — Throwable Cannot forward after response has been committed
2020-09-24 ERROR [http-nio-8084-exec-44] (AuthorizedFilter.java:155) — Throwable Cannot forward after response has been committed
2020-09-24 ERROR [http-nio-8084-exec-55] (AuthorizedFilter.java:155) — Throwable Cannot forward after response has been committed
2020-09-24 ERROR [http-nio-8084-exec-56] (AuthorizedFilter.java:155) — Throwable Cannot forward after response has been committed
2020-09-24 ERROR [http-nio-8084-exec-54] (AuthorizedFilter.java:155) — Throwable Cannot forward after response has been committed
2020-09-24 ERROR [http-nio-8084-exec-53] (AuthorizedFilter.java:155) — Throwable Cannot forward after response has been committed
2020-09-24 ERROR [http-nio-8084-exec-49] (AuthorizedFilter.java:155) — Throwable Cannot forward after response has been committed
2020-09-24 ERROR [http-nio-8084-exec-43] (AuthorizedFilter.java:155) — Throwable Cannot forward after response has been committed
2020-09-24 ERROR [http-nio-8084-exec-47] (AuthorizedFilter.java:155) — Throwable Cannot forward after response has been committed
2020-09-24 ERROR [http-nio-8084-exec-51] (AuthorizedFilter.java:155) — Throwable Cannot forward after response has been committed
2020-09-24 ERROR [http-nio-8084-exec-57] (AuthorizedFilter.java:155) — Throwable Cannot forward after response has been committed
2020-09-24 ERROR [http-nio-8084-exec-44] (AuthorizedFilter.java:155) — Throwable Cannot forward after response has been committed
2020-09-24 ERROR [http-nio-8084-exec-55] (AuthorizedFilter.java:155) — Throwable Cannot forward after response has been committed
2020-09-24 ERROR [http-nio-8084-exec-56] (AuthorizedFilter.java:155) — Throwable Cannot forward after response has been committed
2020-09-24 ERROR [http-nio-8084-exec-54] (AuthorizedFilter.java:155) — Throwable Cannot forward after response has been committed
2020-09-24 ERROR [http-nio-8084-exec-53] (AuthorizedFilter.java:155) — Throwable Cannot forward after response has been committed
2020-09-24 ERROR [http-nio-8084-exec-49] (AuthorizedFilter.java:155) — Throwable Cannot forward after response has been committed
2020-09-24 ERROR [http-nio-8084-exec-43] (AuthorizedFilter.java:155) — Throwable Cannot forward after response has been committed
2020-09-24 ERROR [http-nio-8084-exec-47] (AuthorizedFilter.java:155) — Throwable Cannot forward after response has been committed
2020-09-24 ERROR [http-nio-8084-exec-51] (AuthorizedFilter.java:155) — Throwable Cannot forward after response has been committed
2020-09-24 ERROR [http-nio-8084-exec-57] (AuthorizedFilter.java:155) — Throwable Cannot forward after response has been committed
2020-09-24 ERROR [http-nio-8084-exec-44] (AuthorizedFilter.java:155) — Throwable Cannot forward after response has been committed
2020-09-24 ERROR [http-nio-8084-exec-55] (AuthorizedFilter.java:155) — Throwable Cannot forward after response has been committed
2020-09-24 ERROR [http-nio-8084-exec-56] (AuthorizedFilter.java:155) — Throwable Cannot forward after response has been committed
2020-09-24 ERROR [http-nio-8084-exec-54] (AuthorizedFilter.java:155) — Throwable Cannot forward after response has been committed
2020-09-24 ERROR [http-nio-8084-exec-53] (AuthorizedFilter.java:155) — Throwable Cannot forward after response has been committed
2020-09-24 ERROR [http-nio-8084-exec-49] (AuthorizedFilter.java:155) — Throwable Cannot forward after response has been committed
2020-09-24 ERROR [http-nio-8084-exec-43] (AuthorizedFilter.java:155) — Throwable Cannot forward after response has been committed
2020-09-24 ERROR [http-nio-8084-exec-47] (AuthorizedFilter.java:155) — Throwable Cannot forward after response has been committed
2020-09-24 ERROR [http-nio-8084-exec-51] (AuthorizedFilter.java:155) — Throwable Cannot forward after response has been committed
2020-09-24 ERROR [http-nio-8084-exec-57] (AuthorizedFilter.java:155) — Throwable Cannot forward after response has been committed
2020-09-24 ERROR [http-nio-8084-exec-44] (AuthorizedFilter.java:155) — Throwable Cannot forward after response has been committed
2020-09-24 ERROR [http-nio-8084-exec-55] (AuthorizedFilter.java:155) — Throwable Cannot forward after response has been committed
2020-09-24 ERROR [http-nio-8084-exec-56] (AuthorizedFilter.java:155) — Throwable Cannot forward after response has been committed
2020-09-24 ERROR [http-nio-8084-exec-54] (AuthorizedFilter.java:155) — Throwable Cannot forward after response has been committed
2020-09-24 ERROR [http-nio-8084-exec-53] (AuthorizedFilter.java:155) — Throwable Cannot forward after response has been committed
2020-09-24 ERROR [http-nio-8084-exec-49] (AuthorizedFilter.java:155) — Throwable Cannot forward after response has been committed
2020-09-24 ERROR [http-nio-8084-exec-43] (AuthorizedFilter.java:155) — Throwable Cannot forward after response has been committed
2020-09-24 ERROR [http-nio-8084-exec-47] (AuthorizedFilter.java:155) — Throwable Cannot forward after response has been committed
2020-09-24 ERROR [http-nio-8084-exec-51] (AuthorizedFilter.java:155) — Throwable Cannot forward after response has been committed
2020-09-24 ERROR [http-nio-8084-exec-57] (AuthorizedFilter.java:155) — Throwable Cannot forward after response has been committed
2020-09-24 ERROR [http-nio-8084-exec-98] (AuthorizedFilter.java:147) — Throwable Cannot forward after response has been committed
2020-09-24 ERROR [http-nio-8084-exec-113] (AuthorizedFilter.java:150) — Throwable Cannot forward after response has been committed
2020-09-24 ERROR [http-nio-8084-exec-130] (AuthorizedFilter.java:149) — Throwable Cannot forward after response has been committed
2020-09-24 ERROR [http-nio-8084-exec-124] (AuthorizedFilter.java:149) — Throwable javax.servlet.ServletException: java.lang.IllegalStateException: Cannot create a session after the response has been committed
2020-09-25 ERROR [http-nio-8084-exec-20] (AuthorizedFilter.java:149) — Throwable Cannot forward after response has been committed
2020-09-25 ERROR [http-nio-8084-exec-33] (AuthorizedFilter.java:150) — Throwable Cannot forward after response has been committed
2020-09-25 ERROR [http-nio-8084-exec-37] (AuthorizedFilter.java:150) — Throwable Cannot forward after response has been committed
2020-09-25 ERROR [http-nio-8084-exec-8] (DeleteArticleServlet.java:59) — SQLException Incorrect syntax near the keyword 'WHERE'.
2020-09-26 ERROR [http-nio-8084-exec-31] (ViewArticleServlet.java:92) — SQLException The value is not set for the parameter number 3.
2020-09-26 ERROR [http-nio-8084-exec-34] (ViewArticleServlet.java:92) — SQLException The value is not set for the parameter number 3.
2020-09-26 ERROR [http-nio-8084-exec-33] (ViewArticleServlet.java:92) — SQLException The value is not set for the parameter number 3.
2020-09-27 ERROR [http-nio-8084-exec-3] (ViewNotificationServlet.java:67) — SQLException Incorrect syntax near ','.
2020-09-27 ERROR [http-nio-8084-exec-9] (ViewNotificationServlet.java:67) — SQLException Incorrect syntax near ','.
2020-09-28 ERROR [http-nio-8084-exec-2] (AuthorizedFilter.java:149) — Throwable Cannot forward after response has been committed
2020-09-29 ERROR [http-nio-8084-exec-8] (AuthorizedFilter.java:149) — Throwable javax.servlet.ServletException: java.lang.IllegalStateException: Cannot create a session after the response has been committed
2020-09-29 ERROR [http-nio-8084-exec-25] (AuthorizedFilter.java:149) — Throwable javax.servlet.ServletException: java.lang.IllegalStateException: Cannot create a session after the response has been committed
2020-09-29 ERROR [http-nio-8084-exec-4] (AuthorizedFilter.java:149) — Throwable javax.servlet.ServletException: java.lang.IllegalStateException: Cannot create a session after the response has been committed
2020-09-29 ERROR [http-nio-8084-exec-17] (AuthorizedFilter.java:149) — Throwable javax.servlet.ServletException: java.lang.IllegalStateException: Cannot create a session after the response has been committed
2020-09-29 ERROR [http-nio-8084-exec-25] (AuthorizedFilter.java:149) — Throwable javax.servlet.ServletException: java.lang.IllegalStateException: Cannot create a session after the response has been committed
2020-09-29 ERROR [http-nio-8084-exec-33] (AuthorizedFilter.java:149) — Throwable javax.servlet.ServletException: java.lang.IllegalStateException: Cannot create a session after the response has been committed
2020-09-29 ERROR [http-nio-8084-exec-38] (AuthorizedFilter.java:149) — Throwable javax.servlet.ServletException: java.lang.IllegalStateException: Cannot create a session after the response has been committed
2020-09-29 ERROR [http-nio-8084-exec-53] (AuthorizedFilter.java:149) — Throwable Cannot forward after response has been committed
2020-09-29 ERROR [http-nio-8084-exec-64] (AuthorizedFilter.java:149) — Throwable Cannot forward after response has been committed
2020-09-29 ERROR [http-nio-8084-exec-68] (AuthorizedFilter.java:149) — Throwable Cannot forward after response has been committed
2020-09-29 ERROR [http-nio-8084-exec-78] (AuthorizedFilter.java:149) — Throwable Cannot forward after response has been committed
2020-09-29 ERROR [http-nio-8084-exec-87] (AuthorizedFilter.java:149) — Throwable javax.servlet.ServletException: java.lang.IllegalStateException: Cannot create a session after the response has been committed
2020-09-29 ERROR [http-nio-8084-exec-100] (AuthorizedFilter.java:149) — Throwable Cannot forward after response has been committed
2020-09-29 ERROR [http-nio-8084-exec-112] (AuthorizedFilter.java:149) — Throwable javax.servlet.ServletException: java.lang.IllegalStateException: Cannot create a session after the response has been committed
2020-09-29 ERROR [http-nio-8084-exec-121] (AuthorizedFilter.java:149) — Throwable Cannot forward after response has been committed
2020-09-29 ERROR [http-nio-8084-exec-133] (AuthorizedFilter.java:149) — Throwable Cannot forward after response has been committed
2020-09-29 ERROR [http-nio-8084-exec-151] (AuthorizedFilter.java:149) — Throwable Cannot forward after response has been committed
2020-09-29 ERROR [http-nio-8084-exec-152] (AuthorizedFilter.java:149) — Throwable Cannot forward after response has been committed
2020-09-29 ERROR [http-nio-8084-exec-155] (AuthorizedFilter.java:149) — Throwable javax.servlet.ServletException: java.lang.IllegalStateException: Cannot create a session after the response has been committed
2020-09-29 ERROR [http-nio-8084-exec-172] (AuthorizedFilter.java:149) — Throwable javax.servlet.ServletException: java.lang.IllegalStateException: Cannot create a session after the response has been committed
2020-09-29 ERROR [http-nio-8084-exec-177] (AuthorizedFilter.java:149) — Throwable Cannot forward after response has been committed
2020-09-29 ERROR [http-nio-8084-exec-194] (AuthorizedFilter.java:149) — Throwable Cannot forward after response has been committed
2020-09-29 ERROR [http-nio-8084-exec-198] (AuthorizedFilter.java:149) — Throwable Cannot forward after response has been committed
2020-09-29 ERROR [http-nio-8084-exec-213] (AuthorizedFilter.java:149) — Throwable Cannot forward after response has been committed
2020-09-29 ERROR [http-nio-8084-exec-17] (AuthorizedFilter.java:149) — Throwable Cannot forward after response has been committed
2020-09-29 ERROR [http-nio-8084-exec-2] (AuthorizedFilter.java:149) — Throwable Cannot forward after response has been committed
2020-09-29 ERROR [http-nio-8084-exec-13] (AuthorizedFilter.java:149) — Throwable Cannot forward after response has been committed
2020-09-29 ERROR [http-nio-8084-exec-23] (AuthorizedFilter.java:149) — Throwable Cannot forward after response has been committed
2020-09-29 ERROR [http-nio-8084-exec-21] (AuthorizedFilter.java:149) — Throwable Cannot forward after response has been committed
2020-09-29 ERROR [http-nio-8084-exec-43] (AuthorizedFilter.java:149) — Throwable javax.servlet.ServletException: java.lang.IllegalStateException: Cannot create a session after the response has been committed
2020-09-29 ERROR [http-nio-8084-exec-77] (AuthorizedFilter.java:149) — Throwable javax.servlet.ServletException: java.lang.IllegalStateException: Cannot create a session after the response has been committed
2020-09-29 ERROR [http-nio-8084-exec-94] (AuthorizedFilter.java:149) — Throwable javax.servlet.ServletException: java.lang.IllegalStateException: Cannot create a session after the response has been committed
2020-09-29 ERROR [http-nio-8084-exec-101] (AuthorizedFilter.java:149) — Throwable javax.servlet.ServletException: java.lang.IllegalStateException: Cannot create a session after the response has been committed
2020-09-29 ERROR [http-nio-8084-exec-92] (AuthorizedFilter.java:149) — Throwable javax.servlet.ServletException: java.lang.IllegalStateException: Cannot create a session after the response has been committed
2020-09-29 ERROR [http-nio-8084-exec-117] (AuthorizedFilter.java:149) — Throwable javax.servlet.ServletException: java.lang.IllegalStateException: Cannot create a session after the response has been committed
2020-09-29 ERROR [http-nio-8084-exec-121] (AuthorizedFilter.java:149) — Throwable Cannot forward after response has been committed
2020-09-29 ERROR [http-nio-8084-exec-130] (AuthorizedFilter.java:149) — Throwable Cannot forward after response has been committed
2020-09-29 ERROR [http-nio-8084-exec-145] (AuthorizedFilter.java:149) — Throwable Cannot forward after response has been committed
2020-09-29 ERROR [http-nio-8084-exec-162] (AuthorizedFilter.java:149) — Throwable Cannot forward after response has been committed
2020-09-29 ERROR [http-nio-8084-exec-177] (AuthorizedFilter.java:149) — Throwable javax.servlet.ServletException: java.lang.IllegalStateException: Cannot create a session after the response has been committed
2020-09-29 ERROR [http-nio-8084-exec-180] (AuthorizedFilter.java:149) — Throwable Cannot forward after response has been committed
2020-09-29 ERROR [http-nio-8084-exec-196] (AuthorizedFilter.java:149) — Throwable javax.servlet.ServletException: java.lang.IllegalStateException: Cannot create a session after the response has been committed
2020-09-29 ERROR [http-nio-8084-exec-206] (AuthorizedFilter.java:149) — Throwable Cannot forward after response has been committed
2020-09-29 ERROR [http-nio-8084-exec-211] (AuthorizedFilter.java:149) — Throwable Cannot forward after response has been committed
2020-09-29 ERROR [http-nio-8084-exec-219] (AuthorizedFilter.java:149) — Throwable Cannot forward after response has been committed
2020-09-29 ERROR [http-nio-8084-exec-229] (AuthorizedFilter.java:149) — Throwable Cannot forward after response has been committed
2020-09-29 ERROR [http-nio-8084-exec-265] (AuthorizedFilter.java:149) — Throwable Cannot forward after response has been committed
2020-09-30 ERROR [http-nio-8084-exec-348] (AuthorizedFilter.java:149) — Throwable Cannot forward after response has been committed
2020-09-30 ERROR [http-nio-8084-exec-341] (AuthorizedFilter.java:149) — Throwable Cannot forward after response has been committed
2020-09-30 ERROR [http-nio-8084-exec-19] (AuthorizedFilter.java:149) — Throwable Cannot forward after response has been committed
2020-09-30 ERROR [http-nio-8084-exec-3] (RegisterAccountServlet.java:93) — SQLException Violation of PRIMARY KEY constraint 'PK_user'. Cannot insert duplicate key in object 'dbo.tblUser'. The duplicate key value is (hieulm@gmail.com).
2020-10-06 ERROR [http-nio-8084-exec-3] (AuthorizedFilter.java:147) — Throwable Cannot forward after response has been committed
2020-10-07 ERROR [http-nio-8084-exec-8] (AuthorizedFilter.java:147) — Throwable Cannot forward after response has been committed
2020-10-07 ERROR [http-nio-8084-exec-5] (CommentArticleServlet.java:81) — NumberFormatException For input string: ""
